<?xml version="1.0" encoding="UTF-8"?>
<testng-results ignored="0" total="1" passed="1" failed="0" skipped="0">
  <reporter-output>
  </reporter-output>
  <suite started-at="2019-12-30T10:36:53 IST" name="Default suite" finished-at="2019-12-30T10:36:55 IST" duration-ms="1697">
    <groups>
    </groups>
    <test started-at="2019-12-30T10:36:53 IST" name="Default test" finished-at="2019-12-30T10:36:55 IST" duration-ms="1697">
      <class name="com.qa.apitest.DeleteAPITest">
        <test-method is-config="true" signature="setUp()[pri:0, instance:com.qa.apitest.DeleteAPITest@3745e5c6]" started-at="2019-12-30T10:36:53 IST" name="setUp" finished-at="2019-12-30T10:36:53 IST" duration-ms="22" status="PASS">
          <reporter-output>
          </reporter-output>
        </test-method> <!-- setUp -->
        <test-method signature="Delete()[pri:0, instance:com.qa.apitest.DeleteAPITest@3745e5c6]" started-at="2019-12-30T10:36:53 IST" name="Delete" finished-at="2019-12-30T10:36:55 IST" duration-ms="1590" status="PASS">
          <reporter-output>
          </reporter-output>
        </test-method> <!-- Delete -->
      </class> <!-- com.qa.apitest.DeleteAPITest -->
    </test> <!-- Default test -->
  </suite> <!-- Default suite -->
</testng-results>
